<?xml version="1.0" encoding="UTF-8"?>
<!-- Generated by org.testng.reporters.JUnitReportReporter -->
<testsuite hostname="mindfeb879" failures="0" tests="1" name="mindtree.minds.Testcase3" time="39.933" errors="0" timestamp="2022-06-02T07:27:58 GMT-07:00" skipped="0">
  <testcase classname="mindtree.minds.Testcase3" name="Test1" time="39.933"/>
  <system-out/>
</testsuite> <!-- mindtree.minds.Testcase3 -->
