<?xml version="1.0" encoding="UTF-8"?>
<!-- Generated by org.testng.reporters.JUnitReportReporter -->
<testsuite hostname="mindfeb879" failures="0" tests="1" name="mindtree.minds.Trackorder" time="10.068" errors="0" timestamp="2022-06-02T07:27:58 GMT-07:00" skipped="0">
  <testcase classname="mindtree.minds.Trackorder" name="Test3" time="10.068"/>
  <system-out/>
</testsuite> <!-- mindtree.minds.Trackorder -->
